7.011652
9.224585
6.316862
11.921646
2.562454
11.388006
11.374411
8.328132
9.732633
15.882395
10.623900
11.313125
12.118952
8.408785
10.743179
5.356608
5.113075
13.108869
11.769280
12.831167
9.751618
9.733513
7.764468
12.869001
13.267803
14.267297
9.416891
11.060084
12.191881
8.169670
7.843025
5.353991
12.861769
5.455322
9.989491
-0.582231
12.676729
9.828426
6.169355
10.812644
7.709116
4.309641
9.896130
11.363925
12.649219
9.785585
13.664437
13.779474
10.762825
12.975644
13.422676
8.553971
13.588424
11.691459
6.988244
12.197008
8.990839
4.384937
8.409646
10.380365
6.408767
7.492672
10.123039
4.283115
8.087557
9.779594
9.980393
12.386656
12.558604
7.798950
12.676557
12.621383
10.261383
11.570759
16.315731
10.734074
7.424394
6.343857
8.711446
10.453857
6.063739
13.066308
12.525962
5.580182
13.596587
8.300769
12.629494
17.724514
8.719049
9.471691
12.906327
5.806450
12.366595
6.285672
7.460448
8.159738
9.417829
9.250487
12.199486
9.766349
2.490237
8.534147
11.056652
12.836612
10.231691
15.305433
13.991784
14.112409
10.468342
13.274447
7.888902
11.684665
10.469690
13.140575
9.123499
14.277864
6.242162
13.103640
12.311223
9.083121
14.821001
2.792446
6.809859
11.342670
12.642746
8.938918
14.036397
6.476848
8.413071
9.542640
9.421384
6.939986
6.353938
8.588676
7.263237
14.092157
11.120912
12.816044
12.620939
13.289854
3.906746
11.102343
10.710017
9.452525
16.932067
10.067042
8.628858
7.396966
5.717897
12.321561
9.249442
10.995396
9.811528
6.659992
12.978924
8.252367
7.515605
10.126085
3.846093
10.538894
5.407405
9.453722
8.198439
10.033171
6.147748
12.414687
10.913089
7.038948
13.341081
14.544619
9.900411
8.939355
9.959948
8.745617
13.410904
10.211726
11.832080
8.720808
7.391092
9.529699
11.869216
10.534830
5.940124
10.512542
13.643909
8.628527
11.096747
11.152100
11.849203
5.532697
9.849643
4.829500
8.579023
16.043834
10.653110
6.459755
6.562786
9.722487
13.292584
10.865842
12.268578
12.174937
9.417963
10.775726
10.111838
10.085340
9.631148
12.602868
9.126838
10.386491
12.991278
14.889727
10.863761
13.838752
10.750774
7.557212
9.181622
10.593495
15.330506
3.634582
10.114032
5.225316
12.554373
8.925195
12.667232
10.498487
10.326060
12.358006
11.591601
11.492120
13.522359
7.768693
10.042159
5.241484
11.656948
12.393684
5.298963
10.718954
14.797144
15.117338
4.794264
9.464594
9.192374
4.833157
7.485840
8.767461
9.267324
15.672046
10.381011
9.531609
11.454390
9.096869
4.959769
10.078726
6.724715
6.929794
8.467999
5.677458
9.759333
8.553783
12.007766
9.295192
11.292734
9.057706
12.652918
2.067579
13.185840
5.013335
13.052110
10.735092
9.239878
9.305558
15.483725
6.715390
8.352468
9.592990
9.177153
8.887503
13.821979
9.197014
13.338603
11.174200
11.516741
8.656364
9.902608
11.011178
11.969624
9.526004
10.575754
12.788976
12.781334
6.948939
12.498725
10.369303
12.730212
15.138498
8.985210
7.705550
10.032869
11.524818
9.094084
11.754687
9.454632
10.475984
9.187985
10.892623
9.259710
10.032590
8.597804
12.135460
9.890437
8.208058
9.123955
15.740521
6.633892
7.871791
9.480878
13.947045
9.059388
9.593304
10.385949
7.617897
3.157991
9.166134
10.413459
10.775401
10.121234
9.950019
3.151128
10.883141
7.212497
9.491590
8.437834
8.896303
10.618836
9.792540
5.525288
9.134909
6.643014
12.953182
10.918344
8.679245
6.845806
13.278029
9.365950
11.270739
9.379745
7.246561
4.394734
2.546036
9.053128
14.438662
14.083886
11.924855
11.887409
3.854817
11.602188
16.635884
9.081796
10.322522
13.465894
7.834762
9.712268
8.792812
11.403599
7.590924
5.488275
15.351056
17.162695
8.810494
12.211159
15.292174
11.465304
9.277030
10.909595
10.228395
11.942779
18.935748
10.728009
13.066671
8.011804
2.172824
13.339988
5.271407
7.005694
10.079152
17.527740
12.017740
9.254353
7.196655
11.130044
6.427113
11.892294
12.171030
6.341471
9.181901
9.246469
7.611713
7.191860
14.521325
13.757565
6.210619
14.305157
12.501265
10.628848
12.424141
10.872412
9.977248
4.858684
9.189655
14.494188
11.540752
15.847617
9.111097
12.934202
17.310581
5.977219
7.552375
8.256152
13.427914
12.035195
10.978938
12.278039
12.752752
8.316612
7.571264
7.400756
13.118258
3.760877
13.897720
8.953209
11.036042
11.789487
7.663835
13.138240
9.867351
14.310435
10.428476
10.942963
7.604752
11.979204
6.607780
9.036613
11.391611
9.600130
7.634870
9.912872
8.039363
4.570764
14.458699
8.131850
7.858414
11.795705
9.451593
12.941915
8.226629
10.965849
12.845374
8.846774
18.451334
12.223104
11.882583
9.908864
4.528605
9.530267
9.737754
6.663838
8.177876
11.573554
10.746110
12.776452
15.663641
7.584619
12.234730
10.584348
6.679999
8.494374
9.880085
14.410619
7.272171
12.480488
10.739652
9.069230
6.527847
5.545935
8.055358
5.636794
4.411255
13.019572
11.551025
9.002781
11.589790
12.394363
6.794150
11.555803
11.537344
9.247933
8.846112
6.649716
10.348549
11.206588
9.805268
7.898602
16.346071
10.266473
10.628833
7.703564
7.736183
15.332571
12.438369
13.790734
13.037495
16.977628
4.007356
3.641247
6.405064
7.782084
12.575007
6.308197
9.657757
9.395861
11.080200
9.125970
14.763656
8.915204
12.238648
3.455450
11.520426
13.643499
14.595102
8.745976
10.174409
6.385502
5.081242
14.196577
8.428618
11.103633
8.327697
14.269421
7.778907
5.744097
12.069155
4.930126
10.706619
12.217341
11.127403
12.256289
15.524558
13.243849
3.765204
11.181727
3.645569
11.491270
10.862296
9.406801
12.210075
11.294249
12.387952
10.378571
12.120665
8.655298
10.405461
10.555989
11.615249
13.498139
6.875310
7.244127
11.326281
10.870337
9.588287
13.827189
9.244480
10.731418
11.171123
9.178646
4.572400
5.904723
13.039286
11.901395
8.801442
6.867928
10.192172
9.909997
9.762491
6.439622
8.677200
5.750499
9.368023
11.389921
13.084822
10.540125
5.925882
12.605064
9.229756
9.974290
11.495745
9.225987
7.052961
11.230117
12.738914
9.464689
8.698799
15.428364
10.655040
5.114992
6.100675
11.339697
1.467029
7.700523
11.422826
11.179330
8.211314
8.929484
2.760410
7.146969
13.859117
10.756742
4.056920
9.250563
10.624531
10.626158
8.258152
12.377496
12.294031
6.712928
12.434769
10.208278
7.022778
9.036335
11.173596
6.624920
12.094878
11.568497
11.376677
14.384426
10.042259
9.072518
12.858547
9.554843
12.899988
12.040999
11.238678
10.840774
7.303069
13.002577
7.292121
13.039313
9.334747
7.817884
11.563087
6.801278
6.555792
7.821076
9.812227
8.331298
11.517077
9.486753
11.357418
6.292067
9.830389
9.542234
10.696368
6.715036
14.145367
10.161826
9.318493
6.261274
9.673863
12.996755
9.494207
13.188318
18.785277
9.074384
12.669350
5.117475
7.758096
10.828568
12.195266
15.452823
10.564786
6.186081
14.268815
11.490230
4.662827
6.794272
14.585118
11.636253
10.003849
12.510551
9.930953
11.017994
10.404699
11.092390
9.211752
11.096912
10.855441
8.983959
9.590733
7.044131
13.817168
7.047585
12.045815
11.698392
12.011895
11.097511
14.963124
8.129890
9.077015
11.467967
10.994977
9.036137
8.251809
12.091748
12.091750
5.381104
7.123940
12.956183
14.934560
12.310835
12.437911
15.513533
8.774177
10.941388
10.522442
15.596389
8.512383
9.526526
13.156721
12.679488
13.550206
5.787367
7.843504
8.068929
10.067468
5.597734
6.657977
9.680031
9.316044
7.988142
16.987757
8.058664
4.838826
10.298762
8.578816
9.766794
8.304383
9.458908
8.367118
9.805638
12.088955
7.339258
13.752587
7.497863
9.525067
16.970852
12.073996
14.281696
6.741332
8.540174
9.141515
12.159602
9.766106
4.797956
9.685267
7.781710
8.248674
10.762861
15.547608
4.724079
12.787384
11.522625
10.442163
13.089031
7.998670
8.742966
9.898307
2.652698
10.366838
9.156789
8.623813
7.293923
10.966181
7.349914
9.553238
5.241158
9.092914
14.565657
8.259205
8.916463
5.539973
11.390655
8.904973
9.279639
9.911378
9.086616
10.435366
10.543345
13.224941
10.837938
7.874225
16.074718
8.674520
8.567309
8.499242
11.923316
11.908362
13.026162
11.561753
13.224628
13.404690
11.620974
8.179042
12.024422
10.563671
10.953524
10.712280
9.881019
13.309007
11.082152
8.412624
9.355085
15.213952
11.609831
10.404075
7.553220
10.642127
9.039669
8.173480
9.660940
12.415783
9.739475
7.374772
7.358691
9.449473
11.525371
7.858686
10.932375
6.846575
10.951409
11.626190
10.386775
12.274880
11.156329
7.644552
10.069015
9.057924
8.628249
8.327548
6.366728
9.970826
16.998156
5.736614
11.170763
17.214860
9.615337
9.406447
8.149395
11.639823
9.905880
9.238566
10.248965
10.480746
9.750315
5.381303
11.032859
10.767009
8.959749
5.489337
10.635133
8.827563
13.058135
5.376202
0.895657
10.361703
8.681865
12.282205
7.777264
9.438202
9.296482
8.815518
19.004518
4.382886
10.315823
10.110011
15.000527
6.004970
13.292525
7.453760
5.573567
9.016579
12.681124
8.718346
10.629659
8.344267
8.272297
12.067879
15.235215
8.191766
9.439769
12.366184
8.808373
8.518501
12.348344
7.272143
10.819260
13.031281
5.206747
15.709625
6.883331
12.020799
12.591219
11.980172
13.867399
15.880401
12.918241
9.105851
9.273083
7.820962
10.461028
10.178328
7.573904
13.293994
9.570811
9.389161
13.853901
10.703591
14.624496
5.929750
15.015556
12.666841
12.713645
7.503351
8.734314
10.238130
12.965388
7.082707
10.750345
10.579555
12.455850
4.903363
8.174753
7.547382
11.688663
12.447568
5.402132
9.378112
11.434253
12.009455
14.219561
14.791657
12.489707
13.001120
6.891998
12.958985
9.720431
18.254867
15.628203
14.726577
12.807668
6.530267
9.794530
14.189433
14.947356
13.032219
10.066631
4.252675
9.130378
10.674880
10.574685
15.287029
9.459979
11.829321
9.176659
4.589232
8.334487
14.006842
7.470711
11.407639
11.058158
8.249563
6.846723
11.582832
8.950207
9.773297
3.852319
10.425415
5.914851
8.596548
5.740704
11.936272
11.157300
12.533863
1.460724
6.789817
12.964912
16.779117
15.742634
16.844793
10.488865
9.229039
