12.564764
6.939520
15.055099
7.401606
13.597851
8.657341
9.786871
8.278017
5.854946
8.665749
9.413914
14.217118
9.370126
11.968713
10.930544
15.190838
7.296256
12.603052
10.454712
11.436141
6.691202
13.237375
12.289686
7.863760
13.966606
12.614529
9.533751
10.455328
11.439067
10.218027
9.824355
8.382705
4.875578
11.255144
12.727430
12.315373
11.204072
8.595108
12.820773
13.489597
6.174747
11.363082
17.775222
11.380412
11.414084
7.298133
7.831625
13.144910
13.896879
11.701962
8.292993
8.404549
10.762312
12.671942
15.400144
8.700454
9.734509
7.852963
4.402896
8.921147
12.991055
13.137184
8.612426
9.408520
8.360452
9.457459
7.950759
10.765493
10.436777
7.880074
9.397207
8.266029
9.307544
12.248574
13.605386
11.657323
6.493963
10.374402
12.762792
7.793056
9.987258
9.007709
6.936166
9.851677
12.627854
11.189149
5.174283
11.124816
8.886223
4.906985
5.768074
7.333412
8.610468
10.973688
9.017809
8.502949
10.401778
10.232465
5.829384
11.838243
9.416512
5.298668
13.641516
10.001580
3.486287
8.180872
10.787768
11.453009
12.299925
4.099986
9.290282
12.767616
12.058266
7.595235
8.565647
12.219421
4.836082
12.793322
10.206585
9.778775
4.371923
11.126070
11.979160
8.688752
11.920729
6.908780
6.309623
12.237011
8.951244
16.270013
10.549144
12.148530
9.422502
14.486302
9.734256
8.509747
11.591060
8.845027
11.071496
14.192049
7.979907
3.266550
13.641712
17.361512
8.634530
11.740215
13.316038
9.346832
12.028754
12.145710
13.115333
8.823180
11.878809
6.142810
13.106859
8.351448
6.798802
11.950739
14.115853
8.821232
11.966975
15.985098
6.239414
11.376662
9.435924
6.721092
7.671077
10.632081
12.642248
8.254614
9.986779
14.126918
14.056460
11.362194
9.719519
10.920356
8.676544
12.318443
10.096882
6.082861
7.320601
7.632104
4.603240
12.159448
7.354328
11.419573
15.708543
12.875996
16.162304
6.352217
10.074469
10.366886
13.182362
7.672434
4.938796
9.888359
14.772848
9.196633
11.677975
9.598913
13.254736
10.496850
11.449960
4.647645
13.642381
7.935551
13.350386
10.794613
11.357372
12.653304
12.438599
7.035496
11.301184
10.449163
12.250046
7.799544
8.363381
5.635597
11.579408
12.859314
9.248460
5.354268
10.480535
14.346949
8.051141
11.448506
8.365007
9.671617
12.337069
15.760886
5.831269
9.809873
12.577191
3.277647
7.684917
4.990236
6.122236
8.180862
5.610306
4.686516
14.241405
8.449375
18.322640
6.497059
11.753841
4.544264
4.885982
12.806552
10.685779
8.921198
7.383384
9.389462
8.578398
12.674900
8.958831
14.618969
11.803504
9.107497
10.011854
12.843604
7.948486
11.555414
16.342246
13.639372
9.005968
14.662082
12.533956
6.171094
16.523281
12.397849
12.067137
6.343071
11.451027
11.735596
9.228801
9.744991
14.803309
9.863929
10.727231
14.419331
9.702339
8.469723
10.302432
11.139105
13.148306
7.609322
9.421050
11.465230
7.702600
7.822748
11.018894
13.613798
11.636803
11.867338
8.105622
6.730022
10.861621
10.897397
8.989478
11.337930
6.511926
8.699393
5.339287
13.338080
9.307765
6.634720
9.822482
11.767939
10.216897
10.122736
8.073756
10.034078
11.726150
11.566111
11.717270
12.144378
11.384073
7.160376
15.459461
16.605728
11.104069
4.857948
14.459649
7.765256
6.651957
8.623257
5.681429
8.857673
10.693169
12.349091
10.553602
9.941833
17.495873
8.261867
10.073549
7.998312
15.097712
7.198505
9.114495
12.143438
8.469055
6.349572
4.742494
11.255343
9.379981
8.042594
9.705152
15.947677
11.745375
5.075847
11.347577
12.872813
4.298243
8.230701
12.352899
8.460986
7.918635
9.923634
7.659467
10.433653
5.453634
10.764273
8.152889
8.749653
15.891667
12.117444
6.590270
11.434959
19.488718
13.709760
8.852419
11.632832
6.479368
9.815469
15.458131
9.341009
12.165095
7.671041
11.654924
6.945591
9.716532
8.643992
11.514984
6.052104
8.304727
13.148339
11.891180
5.322476
12.137836
11.543118
9.202176
13.114232
8.978850
6.689468
6.668571
8.048130
11.976461
11.597395
10.722811
14.496698
13.320912
9.953530
14.220768
12.210688
9.237054
7.562632
12.093547
9.848112
7.286025
11.105607
9.652927
9.088984
4.666785
10.497848
7.141428
6.623774
9.236518
4.131534
10.332624
3.750702
9.327430
12.629931
6.317266
7.050213
18.453940
8.715692
8.072984
8.561794
9.805068
9.804014
10.713243
9.923484
8.999539
6.052220
10.965347
8.918491
9.376593
10.181987
10.118994
11.096615
6.611976
9.909951
12.477663
11.272469
8.181910
13.538961
6.499777
6.531530
10.194478
7.498235
10.835069
8.284236
12.802014
12.990358
9.681303
10.103557
12.028022
10.196926
12.025691
6.869949
11.221465
7.496801
12.516699
11.419054
10.629448
12.137517
12.243690
9.083179
9.724788
4.966089
15.528677
14.025655
10.621955
8.002161
14.594394
16.232840
12.550964
11.190475
12.865171
5.874256
10.611829
8.035894
10.736548
7.718977
8.429043
11.322600
13.758279
7.533751
9.229716
8.938175
12.876484
11.108455
12.173322
8.278288
10.876581
9.308138
7.336353
9.675625
13.247491
6.124859
4.032817
8.627264
6.793339
12.647472
13.268809
8.443871
11.108582
14.049658
10.702192
11.701868
13.834153
12.402220
9.673402
9.078769
7.406728
11.279451
6.354125
11.042067
9.839027
11.889477
12.209097
13.989122
7.814920
12.525552
8.351887
5.036401
11.291656
13.929831
6.301475
10.394416
14.669447
8.069356
12.174552
15.532481
10.288180
10.941949
9.547783
8.542291
12.042041
11.396587
8.715814
10.068127
15.564029
12.713230
11.535297
9.644866
0.488530
11.766392
15.489537
7.496150
7.618926
5.158510
12.584822
14.168077
5.130955
9.482087
11.151098
12.240011
9.335535
7.785509
9.568113
8.735279
11.213644
9.464050
9.405411
10.281323
5.589024
12.881227
12.135038
5.682323
10.562504
10.436130
7.890422
2.408154
5.619343
14.475339
4.974781
11.316912
10.185255
9.442008
11.563132
10.019800
14.239026
3.551898
12.385479
6.947190
13.951308
16.281348
8.983443
11.476973
9.764229
12.641226
11.097002
7.417156
7.330755
5.392624
9.351647
17.083567
13.617530
11.890506
8.830333
12.203716
13.204309
12.738609
10.228061
10.265311
6.105122
11.099699
8.691076
7.596302
10.294055
9.986191
11.744216
9.811085
6.884426
5.878422
4.064325
13.329319
1.864387
7.937090
11.531796
9.777067
12.251338
8.093099
7.448698
3.278756
10.961712
13.805627
12.543480
12.962795
2.947420
9.166575
12.677190
12.000094
11.557233
14.852014
11.520649
9.756360
7.976297
12.306705
14.115176
9.452059
7.480186
13.787572
11.203967
6.146524
9.823214
9.369364
12.798773
13.370585
7.992070
11.503728
12.192136
9.906599
11.837261
7.721239
7.477426
7.970973
12.490787
6.284183
11.167522
7.427770
11.773621
7.481569
11.338931
8.368415
9.006452
9.276617
14.705857
4.595790
5.509045
8.494015
11.673431
3.409251
10.436983
7.209147
9.174565
13.857570
10.878149
14.495696
13.714944
8.364803
10.161140
12.194063
6.925761
7.369691
10.786667
9.859685
8.638810
10.724259
16.859357
12.144889
8.152715
14.125089
11.332529
8.915873
7.113284
12.224382
11.034174
11.378876
8.415910
11.278767
8.663167
10.722339
13.134134
9.850369
11.606249
5.158068
6.924201
8.182257
7.782901
13.683765
8.686949
15.245519
7.405522
15.938822
11.352695
11.652743
13.358995
8.825299
8.881645
5.859793
13.452950
10.379670
10.100477
11.070061
9.163862
5.464257
8.153216
9.520446
9.322940
8.010928
11.559601
6.554361
12.622159
7.887986
6.333244
6.566266
10.435446
11.954932
9.764760
7.329259
12.566799
10.739875
9.821783
13.315428
8.063210
8.994583
11.588704
8.527281
4.053182
6.259395
6.034853
15.723498
4.559491
12.040438
11.317586
10.199084
1.446118
4.329905
11.775410
10.596170
14.128322
6.865765
12.672880
5.829868
14.684348
9.123909
15.729301
8.952660
12.826010
10.632249
10.548156
13.503142
7.535558
14.042845
7.588477
9.383402
6.658155
7.711483
9.975052
7.233835
13.798094
9.002283
16.735519
6.791966
6.214286
11.905147
7.470122
10.413667
11.836413
7.777981
19.447078
9.420068
10.069610
12.519319
12.593948
7.257587
14.410600
12.057609
9.688658
9.239881
7.492551
8.514752
8.295381
12.593257
8.343796
7.451430
12.107565
14.970640
8.929663
14.048459
7.369150
7.803737
12.691947
3.197066
11.460150
11.254027
8.149466
5.606307
17.863231
13.026917
8.952841
8.982699
9.874022
8.378570
5.120009
13.661366
13.620729
12.607149
8.473578
12.024087
9.815585
8.980624
10.051472
15.427745
8.922715
11.625551
9.074858
10.619748
13.486408
12.434588
8.717155
13.105541
9.282544
11.738997
8.086261
9.276244
10.866380
10.915668
11.105367
4.889412
8.169377
9.430568
10.123682
8.737502
6.907014
10.454901
14.337899
9.470217
11.733082
15.101470
12.439171
13.977557
9.840091
8.615723
11.515438
11.130162
9.414992
6.269665
8.299135
8.737832
8.764211
11.679523
11.928334
9.571091
10.558070
11.243507
7.539349
10.881308
7.259957
13.550377
10.929406
7.070153
12.045837
12.475557
9.112620
8.934999
12.401100
11.492368
16.302292
8.896720
11.549272
13.574354
6.782651
8.723304
8.503434
9.898729
5.074920
3.451400
4.673986
6.069983
12.462339
10.103577
11.156692
12.443533
4.446825
10.057195
10.136109
8.168330
9.605577
10.839290
12.359821
14.284450
7.426563
16.106141
6.550873
10.268720
7.755365
6.345465
9.957282
8.989904
3.621025
11.419349
5.237849
13.059655
7.318841
8.995244
14.195290
12.735799
12.054938
13.207062
10.591145
7.520033
13.946893
3.331842
10.603079
5.274150
7.757028
11.082175
8.672848
9.014049
10.612387
8.599527
11.415601
7.649100
5.065276
15.470060
7.096909
10.902218
15.874995
7.467899
6.423052
8.442287
5.354131
14.880429
6.696704
11.497710
10.363169
11.398797
15.139986
15.190319
10.104882
7.017537
13.440740
7.895015
7.788081
5.421477
12.335648
6.756341
9.264626
1.558679
14.607855
11.427398
10.173793
3.327616
10.397072
9.389678
10.814039
7.736528
10.734274
6.490210
13.650510
15.986922
7.093923
11.212880
4.323199
11.985869
12.213082
9.946710
6.294717
8.832835
7.781742
13.233378
6.238031
7.513512
10.258620
10.717619
10.259503
6.380109
